<?xml version="1.0" encoding="UTF-8"?>
<!-- Generated by org.testng.reporters.JUnitXMLReporter -->
<testsuite ignored="0" hostname="LAPTOP-9N8NEASG" failures="0" tests="3" name="Default test" time="0.051" errors="0" timestamp="2021-02-20T10:18:29 EST">
  <testcase classname="Seleniumexercise.TestNGBasics" name="googleTitleTest" time="0.006"/>
  <testcase classname="Seleniumexercise.TestNGBasics" name="searchTest" time="0.001"/>
  <testcase classname="Seleniumexercise.TestNGBasics" name="googlelogoTest" time="0.002"/>
</testsuite> <!-- Default test -->
