<?xml version="1.0" encoding="UTF-8"?>
<testng-results ignored="0" total="3" passed="3" failed="0" skipped="0">
  <reporter-output>
  </reporter-output>
  <suite started-at="2021-02-20T10:18:29 EST" name="Default suite" finished-at="2021-02-20T10:18:29 EST" duration-ms="51">
    <groups>
    </groups>
    <test started-at="2021-02-20T10:18:29 EST" name="Default test" finished-at="2021-02-20T10:18:29 EST" duration-ms="51">
      <class name="Seleniumexercise.TestNGBasics">
        <test-method is-config="true" signature="setUp()[pri:0, instance:Seleniumexercise.TestNGBasics@62e7f11d]" started-at="2021-02-20T10:18:29 EST" name="setUp" finished-at="2021-02-20T10:18:29 EST" duration-ms="10" status="PASS">
          <reporter-output>
          </reporter-output>
        </test-method> <!-- setUp -->
        <test-method is-config="true" signature="launchBrowser()[pri:0, instance:Seleniumexercise.TestNGBasics@62e7f11d]" started-at="2021-02-20T10:18:29 EST" name="launchBrowser" finished-at="2021-02-20T10:18:29 EST" duration-ms="0" status="PASS">
          <reporter-output>
          </reporter-output>
        </test-method> <!-- launchBrowser -->
        <test-method is-config="true" signature="enterURL()[pri:0, instance:Seleniumexercise.TestNGBasics@62e7f11d]" started-at="2021-02-20T10:18:29 EST" name="enterURL" finished-at="2021-02-20T10:18:29 EST" duration-ms="0" status="PASS">
          <reporter-output>
          </reporter-output>
        </test-method> <!-- enterURL -->
        <test-method is-config="true" signature="login()[pri:0, instance:Seleniumexercise.TestNGBasics@62e7f11d]" started-at="2021-02-20T10:18:29 EST" name="login" finished-at="2021-02-20T10:18:29 EST" duration-ms="0" status="PASS">
          <reporter-output>
          </reporter-output>
        </test-method> <!-- login -->
        <test-method signature="googleTitleTest()[pri:1, instance:Seleniumexercise.TestNGBasics@62e7f11d]" started-at="2021-02-20T10:18:29 EST" name="googleTitleTest" finished-at="2021-02-20T10:18:29 EST" duration-ms="6" status="PASS">
          <reporter-output>
          </reporter-output>
        </test-method> <!-- googleTitleTest -->
        <test-method is-config="true" signature="logout()[pri:0, instance:Seleniumexercise.TestNGBasics@62e7f11d]" started-at="2021-02-20T10:18:29 EST" name="logout" finished-at="2021-02-20T10:18:29 EST" duration-ms="0" status="PASS">
          <reporter-output>
          </reporter-output>
        </test-method> <!-- logout -->
        <test-method signature="searchTest()[pri:2, instance:Seleniumexercise.TestNGBasics@62e7f11d]" started-at="2021-02-20T10:18:29 EST" name="searchTest" finished-at="2021-02-20T10:18:29 EST" duration-ms="1" status="PASS">
          <reporter-output>
          </reporter-output>
        </test-method> <!-- searchTest -->
        <test-method is-config="true" signature="login()[pri:0, instance:Seleniumexercise.TestNGBasics@62e7f11d]" started-at="2021-02-20T10:18:29 EST" name="login" finished-at="2021-02-20T10:18:29 EST" duration-ms="0" status="PASS">
          <reporter-output>
          </reporter-output>
        </test-method> <!-- login -->
        <test-method is-config="true" signature="logout()[pri:0, instance:Seleniumexercise.TestNGBasics@62e7f11d]" started-at="2021-02-20T10:18:29 EST" name="logout" finished-at="2021-02-20T10:18:29 EST" duration-ms="0" status="PASS">
          <reporter-output>
          </reporter-output>
        </test-method> <!-- logout -->
        <test-method signature="googlelogoTest()[pri:3, instance:Seleniumexercise.TestNGBasics@62e7f11d]" started-at="2021-02-20T10:18:29 EST" name="googlelogoTest" finished-at="2021-02-20T10:18:29 EST" duration-ms="2" status="PASS">
          <reporter-output>
          </reporter-output>
        </test-method> <!-- googlelogoTest -->
        <test-method is-config="true" signature="login()[pri:0, instance:Seleniumexercise.TestNGBasics@62e7f11d]" started-at="2021-02-20T10:18:29 EST" name="login" finished-at="2021-02-20T10:18:29 EST" duration-ms="0" status="PASS">
          <reporter-output>
          </reporter-output>
        </test-method> <!-- login -->
        <test-method is-config="true" signature="logout()[pri:0, instance:Seleniumexercise.TestNGBasics@62e7f11d]" started-at="2021-02-20T10:18:29 EST" name="logout" finished-at="2021-02-20T10:18:29 EST" duration-ms="0" status="PASS">
          <reporter-output>
          </reporter-output>
        </test-method> <!-- logout -->
        <test-method is-config="true" signature="deleteAllCookies()[pri:0, instance:Seleniumexercise.TestNGBasics@62e7f11d]" started-at="2021-02-20T10:18:29 EST" name="deleteAllCookies" finished-at="2021-02-20T10:18:29 EST" duration-ms="1" status="PASS">
          <reporter-output>
          </reporter-output>
        </test-method> <!-- deleteAllCookies -->
        <test-method is-config="true" signature="closeBrowser()[pri:0, instance:Seleniumexercise.TestNGBasics@62e7f11d]" started-at="2021-02-20T10:18:29 EST" name="closeBrowser" finished-at="2021-02-20T10:18:29 EST" duration-ms="0" status="PASS">
          <reporter-output>
          </reporter-output>
        </test-method> <!-- closeBrowser -->
        <test-method is-config="true" signature="generateTestReport()[pri:0, instance:Seleniumexercise.TestNGBasics@62e7f11d]" started-at="2021-02-20T10:18:29 EST" name="generateTestReport" finished-at="2021-02-20T10:18:29 EST" duration-ms="1" status="PASS">
          <reporter-output>
          </reporter-output>
        </test-method> <!-- generateTestReport -->
      </class> <!-- Seleniumexercise.TestNGBasics -->
    </test> <!-- Default test -->
  </suite> <!-- Default suite -->
</testng-results>
